<?xml version="1.0" encoding="UTF-8"?>
<testng-results ignored="0" total="2" passed="2" failed="0" skipped="0">
  <reporter-output>
  </reporter-output>
  <suite started-at="2023-08-09T15:34:06 IST" name="Suite" finished-at="2023-08-09T15:34:23 IST" duration-ms="16765">
    <groups>
    </groups>
    <test started-at="2023-08-09T15:34:06 IST" name="Test" finished-at="2023-08-09T15:34:14 IST" duration-ms="8355">
      <class name="rakutan.facebookInFireFox">
        <test-method is-config="true" signature="beforeClass(java.lang.String)[pri:0, instance:rakutan.facebookInFireFox@2ea41516]" started-at="2023-08-09T15:34:06 IST" name="beforeClass" finished-at="2023-08-09T15:34:12 IST" duration-ms="5687" status="PASS">
          <params>
            <param index="0">
              <value>
                <![CDATA[chrome]]>
              </value>
            </param>
          </params>
          <reporter-output>
          </reporter-output>
        </test-method> <!-- beforeClass -->
        <test-method signature="test()[pri:0, instance:rakutan.facebookInFireFox@2ea41516]" started-at="2023-08-09T15:34:12 IST" name="test" finished-at="2023-08-09T15:34:14 IST" duration-ms="2613" status="PASS">
          <reporter-output>
          </reporter-output>
        </test-method> <!-- test -->
        <test-method is-config="true" signature="afterClass()[pri:0, instance:rakutan.facebookInFireFox@2ea41516]" started-at="2023-08-09T15:34:14 IST" name="afterClass" finished-at="2023-08-09T15:34:14 IST" duration-ms="1" status="PASS">
          <reporter-output>
          </reporter-output>
        </test-method> <!-- afterClass -->
      </class> <!-- rakutan.facebookInFireFox -->
    </test> <!-- Test -->
    <test started-at="2023-08-09T15:34:14 IST" name="Test1" finished-at="2023-08-09T15:34:23 IST" duration-ms="8345">
      <class name="rakutan.googleInChrome">
        <test-method is-config="true" signature="beforeClass(java.lang.String)[pri:0, instance:rakutan.googleInChrome@273e7444]" started-at="2023-08-09T15:34:14 IST" name="beforeClass" finished-at="2023-08-09T15:34:19 IST" duration-ms="4605" status="PASS">
          <params>
            <param index="0">
              <value>
                <![CDATA[firefox]]>
              </value>
            </param>
          </params>
          <reporter-output>
          </reporter-output>
        </test-method> <!-- beforeClass -->
        <test-method signature="test()[pri:0, instance:rakutan.googleInChrome@273e7444]" started-at="2023-08-09T15:34:19 IST" name="test" finished-at="2023-08-09T15:34:23 IST" duration-ms="3727" status="PASS">
          <reporter-output>
          </reporter-output>
        </test-method> <!-- test -->
        <test-method is-config="true" signature="afterClass()[pri:0, instance:rakutan.googleInChrome@273e7444]" started-at="2023-08-09T15:34:23 IST" name="afterClass" finished-at="2023-08-09T15:34:23 IST" duration-ms="0" status="PASS">
          <reporter-output>
          </reporter-output>
        </test-method> <!-- afterClass -->
      </class> <!-- rakutan.googleInChrome -->
    </test> <!-- Test1 -->
  </suite> <!-- Suite -->
</testng-results>
